[19-Mar-2017 14:44:25 Asia/Tokyo] PHP Parse error:  syntax error, unexpected ';' in /home/ubuntu/workspace/bbc/storage/framework/views/d99b8e66ab14838806636d354aa38e6313556c39.php on line 9
[19-Mar-2017 14:44:25 Asia/Tokyo] PHP Stack trace:
[19-Mar-2017 14:44:25 Asia/Tokyo] PHP   1. {main}() /home/ubuntu/workspace/bbc/public/index.php:0
[19-Mar-2017 14:44:25 Asia/Tokyo] PHP   2. Illuminate\Foundation\Http\Kernel->handle() /home/ubuntu/workspace/bbc/public/index.php:54
[19-Mar-2017 14:44:25 Asia/Tokyo] PHP   3. Illuminate\Foundation\Http\Kernel->sendRequestThroughRouter() /home/ubuntu/workspace/bbc/vendor/laravel/framework/src/Illuminate/Foundation/Http/Kernel.php:99
[19-Mar-2017 14:44:25 Asia/Tokyo] PHP   4. Illuminate\Pipeline\Pipeline->then() /home/ubuntu/workspace/bbc/vendor/laravel/framework/src/Illuminate/Foundation/Http/Kernel.php:132
[19-Mar-2017 14:44:25 Asia/Tokyo] PHP   5. call_user_func:{/home/ubuntu/workspace/bbc/vendor/laravel/framework/src/Illuminate/Pipeline/Pipeline.php:103}() /home/ubuntu/workspace/bbc/vendor/laravel/framework/src/Illuminate/Pipeline/Pipeline.php:103
[19-Mar-2017 14:44:25 Asia/Tokyo] PHP   6. Illuminate\Routing\Pipeline->Illuminate\Routing\{closure}() /home/ubuntu/workspace/bbc/vendor/laravel/framework/src/Illuminate/Pipeline/Pipeline.php:103
[19-Mar-2017 14:44:25 Asia/Tokyo] PHP   7. call_user_func:{/home/ubuntu/workspace/bbc/vendor/laravel/framework/src/Illuminate/Routing/Pipeline.php:32}() /home/ubuntu/workspace/bbc/vendor/laravel/framework/src/Illuminate/Routing/Pipeline.php:32
[19-Mar-2017 14:44:25 Asia/Tokyo] PHP   8. Illuminate\Pipeline\Pipeline->Illuminate\Pipeline\{closure}() /home/ubuntu/workspace/bbc/vendor/laravel/framework/src/Illuminate/Routing/Pipeline.php:32
[19-Mar-2017 14:44:25 Asia/Tokyo] PHP   9. call_user_func_array:{/home/ubuntu/workspace/bbc/vendor/laravel/framework/src/Illuminate/Pipeline/Pipeline.php:136}() /home/ubuntu/workspace/bbc/vendor/laravel/framework/src/Illuminate/Pipeline/Pipeline.php:136
[19-Mar-2017 14:44:25 Asia/Tokyo] PHP  10. Illuminate\Foundation\Http\Middleware\CheckForMaintenanceMode->handle() /home/ubuntu/workspace/bbc/vendor/laravel/framework/src/Illuminate/Pipeline/Pipeline.php:136
[19-Mar-2017 14:44:25 Asia/Tokyo] PHP  11. Illuminate\Routing\Pipeline->Illuminate\Routing\{closure}() /home/ubuntu/workspace/bbc/vendor/laravel/framework/src/Illuminate/Foundation/Http/Middleware/CheckForMaintenanceMode.php:44
[19-Mar-2017 14:44:25 Asia/Tokyo] PHP  12. call_user_func:{/home/ubuntu/workspace/bbc/vendor/laravel/framework/src/Illuminate/Routing/Pipeline.php:52}() /home/ubuntu/workspace/bbc/vendor/laravel/framework/src/Illuminate/Routing/Pipeline.php:52
[19-Mar-2017 14:44:25 Asia/Tokyo] PHP  13. Illuminate\Foundation\Http\Kernel->Illuminate\Foundation\Http\{closure}() /home/ubuntu/workspace/bbc/vendor/laravel/framework/src/Illuminate/Routing/Pipeline.php:52
[19-Mar-2017 14:44:25 Asia/Tokyo] PHP  14. Illuminate\Routing\Router->dispatch() /home/ubuntu/workspace/bbc/vendor/laravel/framework/src/Illuminate/Foundation/Http/Kernel.php:246
[19-Mar-2017 14:44:25 Asia/Tokyo] PHP  15. Illuminate\Routing\Router->dispatchToRoute() /home/ubuntu/workspace/bbc/vendor/laravel/framework/src/Illuminate/Routing/Router.php:675
[19-Mar-2017 14:44:25 Asia/Tokyo] PHP  16. Illuminate\Routing\Router->runRouteWithinStack() /home/ubuntu/workspace/bbc/vendor/laravel/framework/src/Illuminate/Routing/Router.php:699
[19-Mar-2017 14:44:25 Asia/Tokyo] PHP  17. Illuminate\Pipeline\Pipeline->then() /home/ubuntu/workspace/bbc/vendor/laravel/framework/src/Illuminate/Routing/Router.php:726
[19-Mar-2017 14:44:25 Asia/Tokyo] PHP  18. call_user_func:{/home/ubuntu/workspace/bbc/vendor/laravel/framework/src/Illuminate/Pipeline/Pipeline.php:103}() /home/ubuntu/workspace/bbc/vendor/laravel/framework/src/Illuminate/Pipeline/Pipeline.php:103
[19-Mar-2017 14:44:25 Asia/Tokyo] PHP  19. Illuminate\Routing\Pipeline->Illuminate\Routing\{closure}() /home/ubuntu/workspace/bbc/vendor/laravel/framework/src/Illuminate/Pipeline/Pipeline.php:103
[19-Mar-2017 14:44:25 Asia/Tokyo] PHP  20. call_user_func:{/home/ubuntu/workspace/bbc/vendor/laravel/framework/src/Illuminate/Routing/Pipeline.php:32}() /home/ubuntu/workspace/bbc/vendor/laravel/framework/src/Illuminate/Routing/Pipeline.php:32
[19-Mar-2017 14:44:25 Asia/Tokyo] PHP  21. Illuminate\Pipeline\Pipeline->Illuminate\Pipeline\{closure}() /home/ubuntu/workspace/bbc/vendor/laravel/framework/src/Illuminate/Routing/Pipeline.php:32
[19-Mar-2017 14:44:25 Asia/Tokyo] PHP  22. call_user_func_array:{/home/ubuntu/workspace/bbc/vendor/laravel/framework/src/Illuminate/Pipeline/Pipeline.php:136}() /home/ubuntu/workspace/bbc/vendor/laravel/framework/src/Illuminate/Pipeline/Pipeline.php:136
[19-Mar-2017 14:44:25 Asia/Tokyo] PHP  23. Illuminate\Cookie\Middleware\EncryptCookies->handle() /home/ubuntu/workspace/bbc/vendor/laravel/framework/src/Illuminate/Pipeline/Pipeline.php:136
[19-Mar-2017 14:44:25 Asia/Tokyo] PHP  24. Illuminate\Routing\Pipeline->Illuminate\Routing\{closure}() /home/ubuntu/workspace/bbc/vendor/laravel/framework/src/Illuminate/Cookie/Middleware/EncryptCookies.php:59
[19-Mar-2017 14:44:25 Asia/Tokyo] PHP  25. call_user_func:{/home/ubuntu/workspace/bbc/vendor/laravel/framework/src/Illuminate/Routing/Pipeline.php:32}() /home/ubuntu/workspace/bbc/vendor/laravel/framework/src/Illuminate/Routing/Pipeline.php:32
[19-Mar-2017 14:44:25 Asia/Tokyo] PHP  26. Illuminate\Pipeline\Pipeline->Illuminate\Pipeline\{closure}() /home/ubuntu/workspace/bbc/vendor/laravel/framework/src/Illuminate/Routing/Pipeline.php:32
[19-Mar-2017 14:44:25 Asia/Tokyo] PHP  27. call_user_func_array:{/home/ubuntu/workspace/bbc/vendor/laravel/framework/src/Illuminate/Pipeline/Pipeline.php:136}() /home/ubuntu/workspace/bbc/vendor/laravel/framework/src/Illuminate/Pipeline/Pipeline.php:136
[19-Mar-2017 14:44:25 Asia/Tokyo] PHP  28. Illuminate\Cookie\Middleware\AddQueuedCookiesToResponse->handle() /home/ubuntu/workspace/bbc/vendor/laravel/framework/src/Illuminate/Pipeline/Pipeline.php:136
[19-Mar-2017 14:44:25 Asia/Tokyo] PHP  29. Illuminate\Routing\Pipeline->Illuminate\Routing\{closure}() /home/ubuntu/workspace/bbc/vendor/laravel/framework/src/Illuminate/Cookie/Middleware/AddQueuedCookiesToResponse.php:37
[19-Mar-2017 14:44:25 Asia/Tokyo] PHP  30. call_user_func:{/home/ubuntu/workspace/bbc/vendor/laravel/framework/src/Illuminate/Routing/Pipeline.php:32}() /home/ubuntu/workspace/bbc/vendor/laravel/framework/src/Illuminate/Routing/Pipeline.php:32
[19-Mar-2017 14:44:25 Asia/Tokyo] PHP  31. Illuminate\Pipeline\Pipeline->Illuminate\Pipeline\{closure}() /home/ubuntu/workspace/bbc/vendor/laravel/framework/src/Illuminate/Routing/Pipeline.php:32
[19-Mar-2017 14:44:25 Asia/Tokyo] PHP  32. call_user_func_array:{/home/ubuntu/workspace/bbc/vendor/laravel/framework/src/Illuminate/Pipeline/Pipeline.php:136}() /home/ubuntu/workspace/bbc/vendor/laravel/framework/src/Illuminate/Pipeline/Pipeline.php:136
[19-Mar-2017 14:44:25 Asia/Tokyo] PHP  33. Illuminate\Session\Middleware\StartSession->handle() /home/ubuntu/workspace/bbc/vendor/laravel/framework/src/Illuminate/Pipeline/Pipeline.php:136
[19-Mar-2017 14:44:25 Asia/Tokyo] PHP  34. Illuminate\Routing\Pipeline->Illuminate\Routing\{closure}() /home/ubuntu/workspace/bbc/vendor/laravel/framework/src/Illuminate/Session/Middleware/StartSession.php:64
[19-Mar-2017 14:44:25 Asia/Tokyo] PHP  35. call_user_func:{/home/ubuntu/workspace/bbc/vendor/laravel/framework/src/Illuminate/Routing/Pipeline.php:32}() /home/ubuntu/workspace/bbc/vendor/laravel/framework/src/Illuminate/Routing/Pipeline.php:32
[19-Mar-2017 14:44:25 Asia/Tokyo] PHP  36. Illuminate\Pipeline\Pipeline->Illuminate\Pipeline\{closure}() /home/ubuntu/workspace/bbc/vendor/laravel/framework/src/Illuminate/Routing/Pipeline.php:32
[19-Mar-2017 14:44:25 Asia/Tokyo] PHP  37. call_user_func_array:{/home/ubuntu/workspace/bbc/vendor/laravel/framework/src/Illuminate/Pipeline/Pipeline.php:136}() /home/ubuntu/workspace/bbc/vendor/laravel/framework/src/Illuminate/Pipeline/Pipeline.php:136
[19-Mar-2017 14:44:25 Asia/Tokyo] PHP  38. Illuminate\View\Middleware\ShareErrorsFromSession->handle() /home/ubuntu/workspace/bbc/vendor/laravel/framework/src/Illuminate/Pipeline/Pipeline.php:136
[19-Mar-2017 14:44:25 Asia/Tokyo] PHP  39. Illuminate\Routing\Pipeline->Illuminate\Routing\{closure}() /home/ubuntu/workspace/bbc/vendor/laravel/framework/src/Illuminate/View/Middleware/ShareErrorsFromSession.php:49
[19-Mar-2017 14:44:25 Asia/Tokyo] PHP  40. call_user_func:{/home/ubuntu/workspace/bbc/vendor/laravel/framework/src/Illuminate/Routing/Pipeline.php:32}() /home/ubuntu/workspace/bbc/vendor/laravel/framework/src/Illuminate/Routing/Pipeline.php:32
[19-Mar-2017 14:44:25 Asia/Tokyo] PHP  41. Illuminate\Pipeline\Pipeline->Illuminate\Pipeline\{closure}() /home/ubuntu/workspace/bbc/vendor/laravel/framework/src/Illuminate/Routing/Pipeline.php:32
[19-Mar-2017 14:44:25 Asia/Tokyo] PHP  42. call_user_func_array:{/home/ubuntu/workspace/bbc/vendor/laravel/framework/src/Illuminate/Pipeline/Pipeline.php:136}() /home/ubuntu/workspace/bbc/vendor/laravel/framework/src/Illuminate/Pipeline/Pipeline.php:136
[19-Mar-2017 14:44:25 Asia/Tokyo] PHP  43. Illuminate\Foundation\Http\Middleware\VerifyCsrfToken->handle() /home/ubuntu/workspace/bbc/vendor/laravel/framework/src/Illuminate/Pipeline/Pipeline.php:136
[19-Mar-2017 14:44:25 Asia/Tokyo] PHP  44. Illuminate\Routing\Pipeline->Illuminate\Routing\{closure}() /home/ubuntu/workspace/bbc/vendor/laravel/framework/src/Illuminate/Foundation/Http/Middleware/VerifyCsrfToken.php:64
[19-Mar-2017 14:44:25 Asia/Tokyo] PHP  45. call_user_func:{/home/ubuntu/workspace/bbc/vendor/laravel/framework/src/Illuminate/Routing/Pipeline.php:52}() /home/ubuntu/workspace/bbc/vendor/laravel/framework/src/Illuminate/Routing/Pipeline.php:52
[19-Mar-2017 14:44:25 Asia/Tokyo] PHP  46. Illuminate\Routing\Router->Illuminate\Routing\{closure}() /home/ubuntu/workspace/bbc/vendor/laravel/framework/src/Illuminate/Routing/Pipeline.php:52
[19-Mar-2017 14:44:25 Asia/Tokyo] PHP  47. Illuminate\Routing\Route->run() /home/ubuntu/workspace/bbc/vendor/laravel/framework/src/Illuminate/Routing/Router.php:724
[19-Mar-2017 14:44:25 Asia/Tokyo] PHP  48. Illuminate\Routing\Route->runController() /home/ubuntu/workspace/bbc/vendor/laravel/framework/src/Illuminate/Routing/Route.php:140
[19-Mar-2017 14:44:25 Asia/Tokyo] PHP  49. Illuminate\Routing\ControllerDispatcher->dispatch() /home/ubuntu/workspace/bbc/vendor/laravel/framework/src/Illuminate/Routing/Route.php:174
[19-Mar-2017 14:44:25 Asia/Tokyo] PHP  50. Illuminate\Routing\ControllerDispatcher->callWithinStack() /home/ubuntu/workspace/bbc/vendor/laravel/framework/src/Illuminate/Routing/ControllerDispatcher.php:54
[19-Mar-2017 14:44:25 Asia/Tokyo] PHP  51. Illuminate\Pipeline\Pipeline->then() /home/ubuntu/workspace/bbc/vendor/laravel/framework/src/Illuminate/Routing/ControllerDispatcher.php:96
[19-Mar-2017 14:44:25 Asia/Tokyo] PHP  52. call_user_func:{/home/ubuntu/workspace/bbc/vendor/laravel/framework/src/Illuminate/Pipeline/Pipeline.php:103}() /home/ubuntu/workspace/bbc/vendor/laravel/framework/src/Illuminate/Pipeline/Pipeline.php:103
[19-Mar-2017 14:44:25 Asia/Tokyo] PHP  53. Illuminate\Routing\Pipeline->Illuminate\Routing\{closure}() /home/ubuntu/workspace/bbc/vendor/laravel/framework/src/Illuminate/Pipeline/Pipeline.php:103
[19-Mar-2017 14:44:25 Asia/Tokyo] PHP  54. call_user_func:{/home/ubuntu/workspace/bbc/vendor/laravel/framework/src/Illuminate/Routing/Pipeline.php:52}() /home/ubuntu/workspace/bbc/vendor/laravel/framework/src/Illuminate/Routing/Pipeline.php:52
[19-Mar-2017 14:44:25 Asia/Tokyo] PHP  55. Illuminate\Routing\ControllerDispatcher->Illuminate\Routing\{closure}() /home/ubuntu/workspace/bbc/vendor/laravel/framework/src/Illuminate/Routing/Pipeline.php:52
[19-Mar-2017 14:44:25 Asia/Tokyo] PHP  56. Illuminate\Routing\Router->prepareResponse() /home/ubuntu/workspace/bbc/vendor/laravel/framework/src/Illuminate/Routing/ControllerDispatcher.php:95
[19-Mar-2017 14:44:25 Asia/Tokyo] PHP  57. Symfony\Component\HttpFoundation\Response->__construct() /home/ubuntu/workspace/bbc/vendor/laravel/framework/src/Illuminate/Routing/Router.php:1085
[19-Mar-2017 14:44:25 Asia/Tokyo] PHP  58. Illuminate\Http\Response->setContent() /home/ubuntu/workspace/bbc/vendor/symfony/http-foundation/Response.php:201
[19-Mar-2017 14:44:25 Asia/Tokyo] PHP  59. Illuminate\View\View->render() /home/ubuntu/workspace/bbc/vendor/laravel/framework/src/Illuminate/Http/Response.php:53
[19-Mar-2017 14:44:25 Asia/Tokyo] PHP  60. Illuminate\View\View->renderContents() /home/ubuntu/workspace/bbc/vendor/laravel/framework/src/Illuminate/View/View.php:85
[19-Mar-2017 14:44:25 Asia/Tokyo] PHP  61. Illuminate\View\View->getContents() /home/ubuntu/workspace/bbc/vendor/laravel/framework/src/Illuminate/View/View.php:120
[19-Mar-2017 14:44:25 Asia/Tokyo] PHP  62. Illuminate\View\Engines\CompilerEngine->get() /home/ubuntu/workspace/bbc/vendor/laravel/framework/src/Illuminate/View/View.php:149
[19-Mar-2017 14:44:25 Asia/Tokyo] PHP  63. Illuminate\View\Engines\PhpEngine->evaluatePath() /home/ubuntu/workspace/bbc/vendor/laravel/framework/src/Illuminate/View/Engines/CompilerEngine.php:59
[20-Mar-2017 15:51:02 Asia/Tokyo] PHP Fatal error:  Call to undefined method Illuminate\Routing\Redirector::view() in /home/ubuntu/workspace/bbc/app/Http/Controllers/PostsController.php on line 53
[20-Mar-2017 15:51:02 Asia/Tokyo] PHP Stack trace:
[20-Mar-2017 15:51:02 Asia/Tokyo] PHP   1. {main}() /home/ubuntu/workspace/bbc/public/index.php:0
[20-Mar-2017 15:51:02 Asia/Tokyo] PHP   2. Illuminate\Foundation\Http\Kernel->handle() /home/ubuntu/workspace/bbc/public/index.php:54
[20-Mar-2017 15:51:02 Asia/Tokyo] PHP   3. Illuminate\Foundation\Http\Kernel->sendRequestThroughRouter() /home/ubuntu/workspace/bbc/vendor/laravel/framework/src/Illuminate/Foundation/Http/Kernel.php:99
[20-Mar-2017 15:51:02 Asia/Tokyo] PHP   4. Illuminate\Pipeline\Pipeline->then() /home/ubuntu/workspace/bbc/vendor/laravel/framework/src/Illuminate/Foundation/Http/Kernel.php:132
[20-Mar-2017 15:51:02 Asia/Tokyo] PHP   5. call_user_func:{/home/ubuntu/workspace/bbc/vendor/laravel/framework/src/Illuminate/Pipeline/Pipeline.php:103}() /home/ubuntu/workspace/bbc/vendor/laravel/framework/src/Illuminate/Pipeline/Pipeline.php:103
[20-Mar-2017 15:51:02 Asia/Tokyo] PHP   6. Illuminate\Routing\Pipeline->Illuminate\Routing\{closure}() /home/ubuntu/workspace/bbc/vendor/laravel/framework/src/Illuminate/Pipeline/Pipeline.php:103
[20-Mar-2017 15:51:02 Asia/Tokyo] PHP   7. call_user_func:{/home/ubuntu/workspace/bbc/vendor/laravel/framework/src/Illuminate/Routing/Pipeline.php:32}() /home/ubuntu/workspace/bbc/vendor/laravel/framework/src/Illuminate/Routing/Pipeline.php:32
[20-Mar-2017 15:51:02 Asia/Tokyo] PHP   8. Illuminate\Pipeline\Pipeline->Illuminate\Pipeline\{closure}() /home/ubuntu/workspace/bbc/vendor/laravel/framework/src/Illuminate/Routing/Pipeline.php:32
[20-Mar-2017 15:51:02 Asia/Tokyo] PHP   9. call_user_func_array:{/home/ubuntu/workspace/bbc/vendor/laravel/framework/src/Illuminate/Pipeline/Pipeline.php:136}() /home/ubuntu/workspace/bbc/vendor/laravel/framework/src/Illuminate/Pipeline/Pipeline.php:136
[20-Mar-2017 15:51:02 Asia/Tokyo] PHP  10. Illuminate\Foundation\Http\Middleware\CheckForMaintenanceMode->handle() /home/ubuntu/workspace/bbc/vendor/laravel/framework/src/Illuminate/Pipeline/Pipeline.php:136
[20-Mar-2017 15:51:02 Asia/Tokyo] PHP  11. Illuminate\Routing\Pipeline->Illuminate\Routing\{closure}() /home/ubuntu/workspace/bbc/vendor/laravel/framework/src/Illuminate/Foundation/Http/Middleware/CheckForMaintenanceMode.php:44
[20-Mar-2017 15:51:02 Asia/Tokyo] PHP  12. call_user_func:{/home/ubuntu/workspace/bbc/vendor/laravel/framework/src/Illuminate/Routing/Pipeline.php:52}() /home/ubuntu/workspace/bbc/vendor/laravel/framework/src/Illuminate/Routing/Pipeline.php:52
[20-Mar-2017 15:51:02 Asia/Tokyo] PHP  13. Illuminate\Foundation\Http\Kernel->Illuminate\Foundation\Http\{closure}() /home/ubuntu/workspace/bbc/vendor/laravel/framework/src/Illuminate/Routing/Pipeline.php:52
[20-Mar-2017 15:51:02 Asia/Tokyo] PHP  14. Illuminate\Routing\Router->dispatch() /home/ubuntu/workspace/bbc/vendor/laravel/framework/src/Illuminate/Foundation/Http/Kernel.php:246
[20-Mar-2017 15:51:02 Asia/Tokyo] PHP  15. Illuminate\Routing\Router->dispatchToRoute() /home/ubuntu/workspace/bbc/vendor/laravel/framework/src/Illuminate/Routing/Router.php:675
[20-Mar-2017 15:51:02 Asia/Tokyo] PHP  16. Illuminate\Routing\Router->runRouteWithinStack() /home/ubuntu/workspace/bbc/vendor/laravel/framework/src/Illuminate/Routing/Router.php:699
[20-Mar-2017 15:51:02 Asia/Tokyo] PHP  17. Illuminate\Pipeline\Pipeline->then() /home/ubuntu/workspace/bbc/vendor/laravel/framework/src/Illuminate/Routing/Router.php:726
[20-Mar-2017 15:51:02 Asia/Tokyo] PHP  18. call_user_func:{/home/ubuntu/workspace/bbc/vendor/laravel/framework/src/Illuminate/Pipeline/Pipeline.php:103}() /home/ubuntu/workspace/bbc/vendor/laravel/framework/src/Illuminate/Pipeline/Pipeline.php:103
[20-Mar-2017 15:51:02 Asia/Tokyo] PHP  19. Illuminate\Routing\Pipeline->Illuminate\Routing\{closure}() /home/ubuntu/workspace/bbc/vendor/laravel/framework/src/Illuminate/Pipeline/Pipeline.php:103
[20-Mar-2017 15:51:02 Asia/Tokyo] PHP  20. call_user_func:{/home/ubuntu/workspace/bbc/vendor/laravel/framework/src/Illuminate/Routing/Pipeline.php:32}() /home/ubuntu/workspace/bbc/vendor/laravel/framework/src/Illuminate/Routing/Pipeline.php:32
[20-Mar-2017 15:51:02 Asia/Tokyo] PHP  21. Illuminate\Pipeline\Pipeline->Illuminate\Pipeline\{closure}() /home/ubuntu/workspace/bbc/vendor/laravel/framework/src/Illuminate/Routing/Pipeline.php:32
[20-Mar-2017 15:51:02 Asia/Tokyo] PHP  22. call_user_func_array:{/home/ubuntu/workspace/bbc/vendor/laravel/framework/src/Illuminate/Pipeline/Pipeline.php:136}() /home/ubuntu/workspace/bbc/vendor/laravel/framework/src/Illuminate/Pipeline/Pipeline.php:136
[20-Mar-2017 15:51:02 Asia/Tokyo] PHP  23. Illuminate\Cookie\Middleware\EncryptCookies->handle() /home/ubuntu/workspace/bbc/vendor/laravel/framework/src/Illuminate/Pipeline/Pipeline.php:136
[20-Mar-2017 15:51:02 Asia/Tokyo] PHP  24. Illuminate\Routing\Pipeline->Illuminate\Routing\{closure}() /home/ubuntu/workspace/bbc/vendor/laravel/framework/src/Illuminate/Cookie/Middleware/EncryptCookies.php:59
[20-Mar-2017 15:51:02 Asia/Tokyo] PHP  25. call_user_func:{/home/ubuntu/workspace/bbc/vendor/laravel/framework/src/Illuminate/Routing/Pipeline.php:32}() /home/ubuntu/workspace/bbc/vendor/laravel/framework/src/Illuminate/Routing/Pipeline.php:32
[20-Mar-2017 15:51:02 Asia/Tokyo] PHP  26. Illuminate\Pipeline\Pipeline->Illuminate\Pipeline\{closure}() /home/ubuntu/workspace/bbc/vendor/laravel/framework/src/Illuminate/Routing/Pipeline.php:32
[20-Mar-2017 15:51:02 Asia/Tokyo] PHP  27. call_user_func_array:{/home/ubuntu/workspace/bbc/vendor/laravel/framework/src/Illuminate/Pipeline/Pipeline.php:136}() /home/ubuntu/workspace/bbc/vendor/laravel/framework/src/Illuminate/Pipeline/Pipeline.php:136
[20-Mar-2017 15:51:02 Asia/Tokyo] PHP  28. Illuminate\Cookie\Middleware\AddQueuedCookiesToResponse->handle() /home/ubuntu/workspace/bbc/vendor/laravel/framework/src/Illuminate/Pipeline/Pipeline.php:136
[20-Mar-2017 15:51:02 Asia/Tokyo] PHP  29. Illuminate\Routing\Pipeline->Illuminate\Routing\{closure}() /home/ubuntu/workspace/bbc/vendor/laravel/framework/src/Illuminate/Cookie/Middleware/AddQueuedCookiesToResponse.php:37
[20-Mar-2017 15:51:02 Asia/Tokyo] PHP  30. call_user_func:{/home/ubuntu/workspace/bbc/vendor/laravel/framework/src/Illuminate/Routing/Pipeline.php:32}() /home/ubuntu/workspace/bbc/vendor/laravel/framework/src/Illuminate/Routing/Pipeline.php:32
[20-Mar-2017 15:51:02 Asia/Tokyo] PHP  31. Illuminate\Pipeline\Pipeline->Illuminate\Pipeline\{closure}() /home/ubuntu/workspace/bbc/vendor/laravel/framework/src/Illuminate/Routing/Pipeline.php:32
[20-Mar-2017 15:51:02 Asia/Tokyo] PHP  32. call_user_func_array:{/home/ubuntu/workspace/bbc/vendor/laravel/framework/src/Illuminate/Pipeline/Pipeline.php:136}() /home/ubuntu/workspace/bbc/vendor/laravel/framework/src/Illuminate/Pipeline/Pipeline.php:136
[20-Mar-2017 15:51:02 Asia/Tokyo] PHP  33. Illuminate\Session\Middleware\StartSession->handle() /home/ubuntu/workspace/bbc/vendor/laravel/framework/src/Illuminate/Pipeline/Pipeline.php:136
[20-Mar-2017 15:51:02 Asia/Tokyo] PHP  34. Illuminate\Routing\Pipeline->Illuminate\Routing\{closure}() /home/ubuntu/workspace/bbc/vendor/laravel/framework/src/Illuminate/Session/Middleware/StartSession.php:64
[20-Mar-2017 15:51:02 Asia/Tokyo] PHP  35. call_user_func:{/home/ubuntu/workspace/bbc/vendor/laravel/framework/src/Illuminate/Routing/Pipeline.php:32}() /home/ubuntu/workspace/bbc/vendor/laravel/framework/src/Illuminate/Routing/Pipeline.php:32
[20-Mar-2017 15:51:02 Asia/Tokyo] PHP  36. Illuminate\Pipeline\Pipeline->Illuminate\Pipeline\{closure}() /home/ubuntu/workspace/bbc/vendor/laravel/framework/src/Illuminate/Routing/Pipeline.php:32
[20-Mar-2017 15:51:02 Asia/Tokyo] PHP  37. call_user_func_array:{/home/ubuntu/workspace/bbc/vendor/laravel/framework/src/Illuminate/Pipeline/Pipeline.php:136}() /home/ubuntu/workspace/bbc/vendor/laravel/framework/src/Illuminate/Pipeline/Pipeline.php:136
[20-Mar-2017 15:51:02 Asia/Tokyo] PHP  38. Illuminate\View\Middleware\ShareErrorsFromSession->handle() /home/ubuntu/workspace/bbc/vendor/laravel/framework/src/Illuminate/Pipeline/Pipeline.php:136
[20-Mar-2017 15:51:02 Asia/Tokyo] PHP  39. Illuminate\Routing\Pipeline->Illuminate\Routing\{closure}() /home/ubuntu/workspace/bbc/vendor/laravel/framework/src/Illuminate/View/Middleware/ShareErrorsFromSession.php:49
[20-Mar-2017 15:51:02 Asia/Tokyo] PHP  40. call_user_func:{/home/ubuntu/workspace/bbc/vendor/laravel/framework/src/Illuminate/Routing/Pipeline.php:32}() /home/ubuntu/workspace/bbc/vendor/laravel/framework/src/Illuminate/Routing/Pipeline.php:32
[20-Mar-2017 15:51:02 Asia/Tokyo] PHP  41. Illuminate\Pipeline\Pipeline->Illuminate\Pipeline\{closure}() /home/ubuntu/workspace/bbc/vendor/laravel/framework/src/Illuminate/Routing/Pipeline.php:32
[20-Mar-2017 15:51:02 Asia/Tokyo] PHP  42. call_user_func_array:{/home/ubuntu/workspace/bbc/vendor/laravel/framework/src/Illuminate/Pipeline/Pipeline.php:136}() /home/ubuntu/workspace/bbc/vendor/laravel/framework/src/Illuminate/Pipeline/Pipeline.php:136
[20-Mar-2017 15:51:02 Asia/Tokyo] PHP  43. Illuminate\Foundation\Http\Middleware\VerifyCsrfToken->handle() /home/ubuntu/workspace/bbc/vendor/laravel/framework/src/Illuminate/Pipeline/Pipeline.php:136
[20-Mar-2017 15:51:02 Asia/Tokyo] PHP  44. Illuminate\Routing\Pipeline->Illuminate\Routing\{closure}() /home/ubuntu/workspace/bbc/vendor/laravel/framework/src/Illuminate/Foundation/Http/Middleware/VerifyCsrfToken.php:64
[20-Mar-2017 15:51:02 Asia/Tokyo] PHP  45. call_user_func:{/home/ubuntu/workspace/bbc/vendor/laravel/framework/src/Illuminate/Routing/Pipeline.php:52}() /home/ubuntu/workspace/bbc/vendor/laravel/framework/src/Illuminate/Routing/Pipeline.php:52
[20-Mar-2017 15:51:02 Asia/Tokyo] PHP  46. Illuminate\Routing\Router->Illuminate\Routing\{closure}() /home/ubuntu/workspace/bbc/vendor/laravel/framework/src/Illuminate/Routing/Pipeline.php:52
[20-Mar-2017 15:51:02 Asia/Tokyo] PHP  47. Illuminate\Routing\Route->run() /home/ubuntu/workspace/bbc/vendor/laravel/framework/src/Illuminate/Routing/Router.php:724
[20-Mar-2017 15:51:02 Asia/Tokyo] PHP  48. Illuminate\Routing\Route->runController() /home/ubuntu/workspace/bbc/vendor/laravel/framework/src/Illuminate/Routing/Route.php:140
[20-Mar-2017 15:51:02 Asia/Tokyo] PHP  49. Illuminate\Routing\ControllerDispatcher->dispatch() /home/ubuntu/workspace/bbc/vendor/laravel/framework/src/Illuminate/Routing/Route.php:174
[20-Mar-2017 15:51:02 Asia/Tokyo] PHP  50. Illuminate\Routing\ControllerDispatcher->callWithinStack() /home/ubuntu/workspace/bbc/vendor/laravel/framework/src/Illuminate/Routing/ControllerDispatcher.php:54
[20-Mar-2017 15:51:02 Asia/Tokyo] PHP  51. Illuminate\Pipeline\Pipeline->then() /home/ubuntu/workspace/bbc/vendor/laravel/framework/src/Illuminate/Routing/ControllerDispatcher.php:96
[20-Mar-2017 15:51:02 Asia/Tokyo] PHP  52. call_user_func:{/home/ubuntu/workspace/bbc/vendor/laravel/framework/src/Illuminate/Pipeline/Pipeline.php:103}() /home/ubuntu/workspace/bbc/vendor/laravel/framework/src/Illuminate/Pipeline/Pipeline.php:103
[20-Mar-2017 15:51:02 Asia/Tokyo] PHP  53. Illuminate\Routing\Pipeline->Illuminate\Routing\{closure}() /home/ubuntu/workspace/bbc/vendor/laravel/framework/src/Illuminate/Pipeline/Pipeline.php:103
[20-Mar-2017 15:51:02 Asia/Tokyo] PHP  54. call_user_func:{/home/ubuntu/workspace/bbc/vendor/laravel/framework/src/Illuminate/Routing/Pipeline.php:52}() /home/ubuntu/workspace/bbc/vendor/laravel/framework/src/Illuminate/Routing/Pipeline.php:52
[20-Mar-2017 15:51:02 Asia/Tokyo] PHP  55. Illuminate\Routing\ControllerDispatcher->Illuminate\Routing\{closure}() /home/ubuntu/workspace/bbc/vendor/laravel/framework/src/Illuminate/Routing/Pipeline.php:52
[20-Mar-2017 15:51:02 Asia/Tokyo] PHP  56. Illuminate\Routing\ControllerDispatcher->call() /home/ubuntu/workspace/bbc/vendor/laravel/framework/src/Illuminate/Routing/ControllerDispatcher.php:94
[20-Mar-2017 15:51:02 Asia/Tokyo] PHP  57. Illuminate\Routing\Controller->callAction() /home/ubuntu/workspace/bbc/vendor/laravel/framework/src/Illuminate/Routing/ControllerDispatcher.php:146
[20-Mar-2017 15:51:02 Asia/Tokyo] PHP  58. call_user_func_array:{/home/ubuntu/workspace/bbc/vendor/laravel/framework/src/Illuminate/Routing/Controller.php:80}() /home/ubuntu/workspace/bbc/vendor/laravel/framework/src/Illuminate/Routing/Controller.php:80
[20-Mar-2017 15:51:02 Asia/Tokyo] PHP  59. App\Http\Controllers\PostsController->store() /home/ubuntu/workspace/bbc/vendor/laravel/framework/src/Illuminate/Routing/Controller.php:80
[20-Mar-2017 16:49:10 Asia/Tokyo] PHP Fatal error:  Class 'Input' not found in /home/ubuntu/workspace/bbc/storage/framework/views/d99b8e66ab14838806636d354aa38e6313556c39.php on line 28
[20-Mar-2017 16:49:10 Asia/Tokyo] PHP Stack trace:
[20-Mar-2017 16:49:10 Asia/Tokyo] PHP   1. {main}() /home/ubuntu/workspace/bbc/public/index.php:0
[20-Mar-2017 16:49:10 Asia/Tokyo] PHP   2. Illuminate\Foundation\Http\Kernel->handle() /home/ubuntu/workspace/bbc/public/index.php:54
[20-Mar-2017 16:49:10 Asia/Tokyo] PHP   3. Illuminate\Foundation\Http\Kernel->sendRequestThroughRouter() /home/ubuntu/workspace/bbc/vendor/laravel/framework/src/Illuminate/Foundation/Http/Kernel.php:99
[20-Mar-2017 16:49:10 Asia/Tokyo] PHP   4. Illuminate\Pipeline\Pipeline->then() /home/ubuntu/workspace/bbc/vendor/laravel/framework/src/Illuminate/Foundation/Http/Kernel.php:132
[20-Mar-2017 16:49:10 Asia/Tokyo] PHP   5. call_user_func:{/home/ubuntu/workspace/bbc/vendor/laravel/framework/src/Illuminate/Pipeline/Pipeline.php:103}() /home/ubuntu/workspace/bbc/vendor/laravel/framework/src/Illuminate/Pipeline/Pipeline.php:103
[20-Mar-2017 16:49:10 Asia/Tokyo] PHP   6. Illuminate\Routing\Pipeline->Illuminate\Routing\{closure}() /home/ubuntu/workspace/bbc/vendor/laravel/framework/src/Illuminate/Pipeline/Pipeline.php:103
[20-Mar-2017 16:49:10 Asia/Tokyo] PHP   7. call_user_func:{/home/ubuntu/workspace/bbc/vendor/laravel/framework/src/Illuminate/Routing/Pipeline.php:32}() /home/ubuntu/workspace/bbc/vendor/laravel/framework/src/Illuminate/Routing/Pipeline.php:32
[20-Mar-2017 16:49:10 Asia/Tokyo] PHP   8. Illuminate\Pipeline\Pipeline->Illuminate\Pipeline\{closure}() /home/ubuntu/workspace/bbc/vendor/laravel/framework/src/Illuminate/Routing/Pipeline.php:32
[20-Mar-2017 16:49:10 Asia/Tokyo] PHP   9. call_user_func_array:{/home/ubuntu/workspace/bbc/vendor/laravel/framework/src/Illuminate/Pipeline/Pipeline.php:136}() /home/ubuntu/workspace/bbc/vendor/laravel/framework/src/Illuminate/Pipeline/Pipeline.php:136
[20-Mar-2017 16:49:10 Asia/Tokyo] PHP  10. Illuminate\Foundation\Http\Middleware\CheckForMaintenanceMode->handle() /home/ubuntu/workspace/bbc/vendor/laravel/framework/src/Illuminate/Pipeline/Pipeline.php:136
[20-Mar-2017 16:49:10 Asia/Tokyo] PHP  11. Illuminate\Routing\Pipeline->Illuminate\Routing\{closure}() /home/ubuntu/workspace/bbc/vendor/laravel/framework/src/Illuminate/Foundation/Http/Middleware/CheckForMaintenanceMode.php:44
[20-Mar-2017 16:49:10 Asia/Tokyo] PHP  12. call_user_func:{/home/ubuntu/workspace/bbc/vendor/laravel/framework/src/Illuminate/Routing/Pipeline.php:52}() /home/ubuntu/workspace/bbc/vendor/laravel/framework/src/Illuminate/Routing/Pipeline.php:52
[20-Mar-2017 16:49:10 Asia/Tokyo] PHP  13. Illuminate\Foundation\Http\Kernel->Illuminate\Foundation\Http\{closure}() /home/ubuntu/workspace/bbc/vendor/laravel/framework/src/Illuminate/Routing/Pipeline.php:52
[20-Mar-2017 16:49:10 Asia/Tokyo] PHP  14. Illuminate\Routing\Router->dispatch() /home/ubuntu/workspace/bbc/vendor/laravel/framework/src/Illuminate/Foundation/Http/Kernel.php:246
[20-Mar-2017 16:49:10 Asia/Tokyo] PHP  15. Illuminate\Routing\Router->dispatchToRoute() /home/ubuntu/workspace/bbc/vendor/laravel/framework/src/Illuminate/Routing/Router.php:675
[20-Mar-2017 16:49:10 Asia/Tokyo] PHP  16. Illuminate\Routing\Router->runRouteWithinStack() /home/ubuntu/workspace/bbc/vendor/laravel/framework/src/Illuminate/Routing/Router.php:699
[20-Mar-2017 16:49:10 Asia/Tokyo] PHP  17. Illuminate\Pipeline\Pipeline->then() /home/ubuntu/workspace/bbc/vendor/laravel/framework/src/Illuminate/Routing/Router.php:726
[20-Mar-2017 16:49:10 Asia/Tokyo] PHP  18. call_user_func:{/home/ubuntu/workspace/bbc/vendor/laravel/framework/src/Illuminate/Pipeline/Pipeline.php:103}() /home/ubuntu/workspace/bbc/vendor/laravel/framework/src/Illuminate/Pipeline/Pipeline.php:103
[20-Mar-2017 16:49:10 Asia/Tokyo] PHP  19. Illuminate\Routing\Pipeline->Illuminate\Routing\{closure}() /home/ubuntu/workspace/bbc/vendor/laravel/framework/src/Illuminate/Pipeline/Pipeline.php:103
[20-Mar-2017 16:49:10 Asia/Tokyo] PHP  20. call_user_func:{/home/ubuntu/workspace/bbc/vendor/laravel/framework/src/Illuminate/Routing/Pipeline.php:32}() /home/ubuntu/workspace/bbc/vendor/laravel/framework/src/Illuminate/Routing/Pipeline.php:32
[20-Mar-2017 16:49:10 Asia/Tokyo] PHP  21. Illuminate\Pipeline\Pipeline->Illuminate\Pipeline\{closure}() /home/ubuntu/workspace/bbc/vendor/laravel/framework/src/Illuminate/Routing/Pipeline.php:32
[20-Mar-2017 16:49:10 Asia/Tokyo] PHP  22. call_user_func_array:{/home/ubuntu/workspace/bbc/vendor/laravel/framework/src/Illuminate/Pipeline/Pipeline.php:136}() /home/ubuntu/workspace/bbc/vendor/laravel/framework/src/Illuminate/Pipeline/Pipeline.php:136
[20-Mar-2017 16:49:10 Asia/Tokyo] PHP  23. Illuminate\Cookie\Middleware\EncryptCookies->handle() /home/ubuntu/workspace/bbc/vendor/laravel/framework/src/Illuminate/Pipeline/Pipeline.php:136
[20-Mar-2017 16:49:10 Asia/Tokyo] PHP  24. Illuminate\Routing\Pipeline->Illuminate\Routing\{closure}() /home/ubuntu/workspace/bbc/vendor/laravel/framework/src/Illuminate/Cookie/Middleware/EncryptCookies.php:59
[20-Mar-2017 16:49:10 Asia/Tokyo] PHP  25. call_user_func:{/home/ubuntu/workspace/bbc/vendor/laravel/framework/src/Illuminate/Routing/Pipeline.php:32}() /home/ubuntu/workspace/bbc/vendor/laravel/framework/src/Illuminate/Routing/Pipeline.php:32
[20-Mar-2017 16:49:10 Asia/Tokyo] PHP  26. Illuminate\Pipeline\Pipeline->Illuminate\Pipeline\{closure}() /home/ubuntu/workspace/bbc/vendor/laravel/framework/src/Illuminate/Routing/Pipeline.php:32
[20-Mar-2017 16:49:10 Asia/Tokyo] PHP  27. call_user_func_array:{/home/ubuntu/workspace/bbc/vendor/laravel/framework/src/Illuminate/Pipeline/Pipeline.php:136}() /home/ubuntu/workspace/bbc/vendor/laravel/framework/src/Illuminate/Pipeline/Pipeline.php:136
[20-Mar-2017 16:49:10 Asia/Tokyo] PHP  28. Illuminate\Cookie\Middleware\AddQueuedCookiesToResponse->handle() /home/ubuntu/workspace/bbc/vendor/laravel/framework/src/Illuminate/Pipeline/Pipeline.php:136
[20-Mar-2017 16:49:10 Asia/Tokyo] PHP  29. Illuminate\Routing\Pipeline->Illuminate\Routing\{closure}() /home/ubuntu/workspace/bbc/vendor/laravel/framework/src/Illuminate/Cookie/Middleware/AddQueuedCookiesToResponse.php:37
[20-Mar-2017 16:49:10 Asia/Tokyo] PHP  30. call_user_func:{/home/ubuntu/workspace/bbc/vendor/laravel/framework/src/Illuminate/Routing/Pipeline.php:32}() /home/ubuntu/workspace/bbc/vendor/laravel/framework/src/Illuminate/Routing/Pipeline.php:32
[20-Mar-2017 16:49:10 Asia/Tokyo] PHP  31. Illuminate\Pipeline\Pipeline->Illuminate\Pipeline\{closure}() /home/ubuntu/workspace/bbc/vendor/laravel/framework/src/Illuminate/Routing/Pipeline.php:32
[20-Mar-2017 16:49:10 Asia/Tokyo] PHP  32. call_user_func_array:{/home/ubuntu/workspace/bbc/vendor/laravel/framework/src/Illuminate/Pipeline/Pipeline.php:136}() /home/ubuntu/workspace/bbc/vendor/laravel/framework/src/Illuminate/Pipeline/Pipeline.php:136
[20-Mar-2017 16:49:10 Asia/Tokyo] PHP  33. Illuminate\Session\Middleware\StartSession->handle() /home/ubuntu/workspace/bbc/vendor/laravel/framework/src/Illuminate/Pipeline/Pipeline.php:136
[20-Mar-2017 16:49:10 Asia/Tokyo] PHP  34. Illuminate\Routing\Pipeline->Illuminate\Routing\{closure}() /home/ubuntu/workspace/bbc/vendor/laravel/framework/src/Illuminate/Session/Middleware/StartSession.php:64
[20-Mar-2017 16:49:10 Asia/Tokyo] PHP  35. call_user_func:{/home/ubuntu/workspace/bbc/vendor/laravel/framework/src/Illuminate/Routing/Pipeline.php:32}() /home/ubuntu/workspace/bbc/vendor/laravel/framework/src/Illuminate/Routing/Pipeline.php:32
[20-Mar-2017 16:49:10 Asia/Tokyo] PHP  36. Illuminate\Pipeline\Pipeline->Illuminate\Pipeline\{closure}() /home/ubuntu/workspace/bbc/vendor/laravel/framework/src/Illuminate/Routing/Pipeline.php:32
[20-Mar-2017 16:49:10 Asia/Tokyo] PHP  37. call_user_func_array:{/home/ubuntu/workspace/bbc/vendor/laravel/framework/src/Illuminate/Pipeline/Pipeline.php:136}() /home/ubuntu/workspace/bbc/vendor/laravel/framework/src/Illuminate/Pipeline/Pipeline.php:136
[20-Mar-2017 16:49:10 Asia/Tokyo] PHP  38. Illuminate\View\Middleware\ShareErrorsFromSession->handle() /home/ubuntu/workspace/bbc/vendor/laravel/framework/src/Illuminate/Pipeline/Pipeline.php:136
[20-Mar-2017 16:49:10 Asia/Tokyo] PHP  39. Illuminate\Routing\Pipeline->Illuminate\Routing\{closure}() /home/ubuntu/workspace/bbc/vendor/laravel/framework/src/Illuminate/View/Middleware/ShareErrorsFromSession.php:49
[20-Mar-2017 16:49:10 Asia/Tokyo] PHP  40. call_user_func:{/home/ubuntu/workspace/bbc/vendor/laravel/framework/src/Illuminate/Routing/Pipeline.php:32}() /home/ubuntu/workspace/bbc/vendor/laravel/framework/src/Illuminate/Routing/Pipeline.php:32
[20-Mar-2017 16:49:10 Asia/Tokyo] PHP  41. Illuminate\Pipeline\Pipeline->Illuminate\Pipeline\{closure}() /home/ubuntu/workspace/bbc/vendor/laravel/framework/src/Illuminate/Routing/Pipeline.php:32
[20-Mar-2017 16:49:10 Asia/Tokyo] PHP  42. call_user_func_array:{/home/ubuntu/workspace/bbc/vendor/laravel/framework/src/Illuminate/Pipeline/Pipeline.php:136}() /home/ubuntu/workspace/bbc/vendor/laravel/framework/src/Illuminate/Pipeline/Pipeline.php:136
[20-Mar-2017 16:49:10 Asia/Tokyo] PHP  43. Illuminate\Foundation\Http\Middleware\VerifyCsrfToken->handle() /home/ubuntu/workspace/bbc/vendor/laravel/framework/src/Illuminate/Pipeline/Pipeline.php:136
[20-Mar-2017 16:49:10 Asia/Tokyo] PHP  44. Illuminate\Routing\Pipeline->Illuminate\Routing\{closure}() /home/ubuntu/workspace/bbc/vendor/laravel/framework/src/Illuminate/Foundation/Http/Middleware/VerifyCsrfToken.php:64
[20-Mar-2017 16:49:10 Asia/Tokyo] PHP  45. call_user_func:{/home/ubuntu/workspace/bbc/vendor/laravel/framework/src/Illuminate/Routing/Pipeline.php:52}() /home/ubuntu/workspace/bbc/vendor/laravel/framework/src/Illuminate/Routing/Pipeline.php:52
[20-Mar-2017 16:49:10 Asia/Tokyo] PHP  46. Illuminate\Routing\Router->Illuminate\Routing\{closure}() /home/ubuntu/workspace/bbc/vendor/laravel/framework/src/Illuminate/Routing/Pipeline.php:52
[20-Mar-2017 16:49:10 Asia/Tokyo] PHP  47. Illuminate\Routing\Route->run() /home/ubuntu/workspace/bbc/vendor/laravel/framework/src/Illuminate/Routing/Router.php:724
[20-Mar-2017 16:49:10 Asia/Tokyo] PHP  48. Illuminate\Routing\Route->runController() /home/ubuntu/workspace/bbc/vendor/laravel/framework/src/Illuminate/Routing/Route.php:140
[20-Mar-2017 16:49:10 Asia/Tokyo] PHP  49. Illuminate\Routing\ControllerDispatcher->dispatch() /home/ubuntu/workspace/bbc/vendor/laravel/framework/src/Illuminate/Routing/Route.php:174
[20-Mar-2017 16:49:10 Asia/Tokyo] PHP  50. Illuminate\Routing\ControllerDispatcher->callWithinStack() /home/ubuntu/workspace/bbc/vendor/laravel/framework/src/Illuminate/Routing/ControllerDispatcher.php:54
[20-Mar-2017 16:49:10 Asia/Tokyo] PHP  51. Illuminate\Pipeline\Pipeline->then() /home/ubuntu/workspace/bbc/vendor/laravel/framework/src/Illuminate/Routing/ControllerDispatcher.php:96
[20-Mar-2017 16:49:10 Asia/Tokyo] PHP  52. call_user_func:{/home/ubuntu/workspace/bbc/vendor/laravel/framework/src/Illuminate/Pipeline/Pipeline.php:103}() /home/ubuntu/workspace/bbc/vendor/laravel/framework/src/Illuminate/Pipeline/Pipeline.php:103
[20-Mar-2017 16:49:10 Asia/Tokyo] PHP  53. Illuminate\Routing\Pipeline->Illuminate\Routing\{closure}() /home/ubuntu/workspace/bbc/vendor/laravel/framework/src/Illuminate/Pipeline/Pipeline.php:103
[20-Mar-2017 16:49:10 Asia/Tokyo] PHP  54. call_user_func:{/home/ubuntu/workspace/bbc/vendor/laravel/framework/src/Illuminate/Routing/Pipeline.php:52}() /home/ubuntu/workspace/bbc/vendor/laravel/framework/src/Illuminate/Routing/Pipeline.php:52
[20-Mar-2017 16:49:10 Asia/Tokyo] PHP  55. Illuminate\Routing\ControllerDispatcher->Illuminate\Routing\{closure}() /home/ubuntu/workspace/bbc/vendor/laravel/framework/src/Illuminate/Routing/Pipeline.php:52
[20-Mar-2017 16:49:10 Asia/Tokyo] PHP  56. Illuminate\Routing\Router->prepareResponse() /home/ubuntu/workspace/bbc/vendor/laravel/framework/src/Illuminate/Routing/ControllerDispatcher.php:95
[20-Mar-2017 16:49:10 Asia/Tokyo] PHP  57. Symfony\Component\HttpFoundation\Response->__construct() /home/ubuntu/workspace/bbc/vendor/laravel/framework/src/Illuminate/Routing/Router.php:1085
[20-Mar-2017 16:49:10 Asia/Tokyo] PHP  58. Illuminate\Http\Response->setContent() /home/ubuntu/workspace/bbc/vendor/symfony/http-foundation/Response.php:201
[20-Mar-2017 16:49:10 Asia/Tokyo] PHP  59. Illuminate\View\View->render() /home/ubuntu/workspace/bbc/vendor/laravel/framework/src/Illuminate/Http/Response.php:53
[20-Mar-2017 16:49:10 Asia/Tokyo] PHP  60. Illuminate\View\View->renderContents() /home/ubuntu/workspace/bbc/vendor/laravel/framework/src/Illuminate/View/View.php:85
[20-Mar-2017 16:49:10 Asia/Tokyo] PHP  61. Illuminate\View\View->getContents() /home/ubuntu/workspace/bbc/vendor/laravel/framework/src/Illuminate/View/View.php:120
[20-Mar-2017 16:49:10 Asia/Tokyo] PHP  62. Illuminate\View\Engines\CompilerEngine->get() /home/ubuntu/workspace/bbc/vendor/laravel/framework/src/Illuminate/View/View.php:149
[20-Mar-2017 16:49:10 Asia/Tokyo] PHP  63. Illuminate\View\Engines\PhpEngine->evaluatePath() /home/ubuntu/workspace/bbc/vendor/laravel/framework/src/Illuminate/View/Engines/CompilerEngine.php:59
[20-Mar-2017 16:49:10 Asia/Tokyo] PHP  64. include() /home/ubuntu/workspace/bbc/vendor/laravel/framework/src/Illuminate/View/Engines/PhpEngine.php:42
[22-Mar-2017 23:34:16 Asia/Tokyo] PHP Fatal error:  Class 'App\Http\Controllers\DB' not found in /home/ubuntu/workspace/bbc/app/Http/Controllers/PostsController.php on line 27
[22-Mar-2017 23:34:16 Asia/Tokyo] PHP Stack trace:
[22-Mar-2017 23:34:16 Asia/Tokyo] PHP   1. {main}() /home/ubuntu/workspace/bbc/public/index.php:0
[22-Mar-2017 23:34:16 Asia/Tokyo] PHP   2. Illuminate\Foundation\Http\Kernel->handle() /home/ubuntu/workspace/bbc/public/index.php:54
[22-Mar-2017 23:34:16 Asia/Tokyo] PHP   3. Illuminate\Foundation\Http\Kernel->sendRequestThroughRouter() /home/ubuntu/workspace/bbc/vendor/laravel/framework/src/Illuminate/Foundation/Http/Kernel.php:99
[22-Mar-2017 23:34:16 Asia/Tokyo] PHP   4. Illuminate\Pipeline\Pipeline->then() /home/ubuntu/workspace/bbc/vendor/laravel/framework/src/Illuminate/Foundation/Http/Kernel.php:132
[22-Mar-2017 23:34:16 Asia/Tokyo] PHP   5. call_user_func:{/home/ubuntu/workspace/bbc/vendor/laravel/framework/src/Illuminate/Pipeline/Pipeline.php:103}() /home/ubuntu/workspace/bbc/vendor/laravel/framework/src/Illuminate/Pipeline/Pipeline.php:103
[22-Mar-2017 23:34:16 Asia/Tokyo] PHP   6. Illuminate\Routing\Pipeline->Illuminate\Routing\{closure}() /home/ubuntu/workspace/bbc/vendor/laravel/framework/src/Illuminate/Pipeline/Pipeline.php:103
[22-Mar-2017 23:34:16 Asia/Tokyo] PHP   7. call_user_func:{/home/ubuntu/workspace/bbc/vendor/laravel/framework/src/Illuminate/Routing/Pipeline.php:32}() /home/ubuntu/workspace/bbc/vendor/laravel/framework/src/Illuminate/Routing/Pipeline.php:32
[22-Mar-2017 23:34:16 Asia/Tokyo] PHP   8. Illuminate\Pipeline\Pipeline->Illuminate\Pipeline\{closure}() /home/ubuntu/workspace/bbc/vendor/laravel/framework/src/Illuminate/Routing/Pipeline.php:32
[22-Mar-2017 23:34:16 Asia/Tokyo] PHP   9. call_user_func_array:{/home/ubuntu/workspace/bbc/vendor/laravel/framework/src/Illuminate/Pipeline/Pipeline.php:136}() /home/ubuntu/workspace/bbc/vendor/laravel/framework/src/Illuminate/Pipeline/Pipeline.php:136
[22-Mar-2017 23:34:16 Asia/Tokyo] PHP  10. Illuminate\Foundation\Http\Middleware\CheckForMaintenanceMode->handle() /home/ubuntu/workspace/bbc/vendor/laravel/framework/src/Illuminate/Pipeline/Pipeline.php:136
[22-Mar-2017 23:34:16 Asia/Tokyo] PHP  11. Illuminate\Routing\Pipeline->Illuminate\Routing\{closure}() /home/ubuntu/workspace/bbc/vendor/laravel/framework/src/Illuminate/Foundation/Http/Middleware/CheckForMaintenanceMode.php:44
[22-Mar-2017 23:34:16 Asia/Tokyo] PHP  12. call_user_func:{/home/ubuntu/workspace/bbc/vendor/laravel/framework/src/Illuminate/Routing/Pipeline.php:52}() /home/ubuntu/workspace/bbc/vendor/laravel/framework/src/Illuminate/Routing/Pipeline.php:52
[22-Mar-2017 23:34:16 Asia/Tokyo] PHP  13. Illuminate\Foundation\Http\Kernel->Illuminate\Foundation\Http\{closure}() /home/ubuntu/workspace/bbc/vendor/laravel/framework/src/Illuminate/Routing/Pipeline.php:52
[22-Mar-2017 23:34:16 Asia/Tokyo] PHP  14. Illuminate\Routing\Router->dispatch() /home/ubuntu/workspace/bbc/vendor/laravel/framework/src/Illuminate/Foundation/Http/Kernel.php:246
[22-Mar-2017 23:34:16 Asia/Tokyo] PHP  15. Illuminate\Routing\Router->dispatchToRoute() /home/ubuntu/workspace/bbc/vendor/laravel/framework/src/Illuminate/Routing/Router.php:675
[22-Mar-2017 23:34:16 Asia/Tokyo] PHP  16. Illuminate\Routing\Router->runRouteWithinStack() /home/ubuntu/workspace/bbc/vendor/laravel/framework/src/Illuminate/Routing/Router.php:699
[22-Mar-2017 23:34:16 Asia/Tokyo] PHP  17. Illuminate\Pipeline\Pipeline->then() /home/ubuntu/workspace/bbc/vendor/laravel/framework/src/Illuminate/Routing/Router.php:726
[22-Mar-2017 23:34:16 Asia/Tokyo] PHP  18. call_user_func:{/home/ubuntu/workspace/bbc/vendor/laravel/framework/src/Illuminate/Pipeline/Pipeline.php:103}() /home/ubuntu/workspace/bbc/vendor/laravel/framework/src/Illuminate/Pipeline/Pipeline.php:103
[22-Mar-2017 23:34:16 Asia/Tokyo] PHP  19. Illuminate\Routing\Pipeline->Illuminate\Routing\{closure}() /home/ubuntu/workspace/bbc/vendor/laravel/framework/src/Illuminate/Pipeline/Pipeline.php:103
[22-Mar-2017 23:34:16 Asia/Tokyo] PHP  20. call_user_func:{/home/ubuntu/workspace/bbc/vendor/laravel/framework/src/Illuminate/Routing/Pipeline.php:32}() /home/ubuntu/workspace/bbc/vendor/laravel/framework/src/Illuminate/Routing/Pipeline.php:32
[22-Mar-2017 23:34:16 Asia/Tokyo] PHP  21. Illuminate\Pipeline\Pipeline->Illuminate\Pipeline\{closure}() /home/ubuntu/workspace/bbc/vendor/laravel/framework/src/Illuminate/Routing/Pipeline.php:32
[22-Mar-2017 23:34:16 Asia/Tokyo] PHP  22. call_user_func_array:{/home/ubuntu/workspace/bbc/vendor/laravel/framework/src/Illuminate/Pipeline/Pipeline.php:136}() /home/ubuntu/workspace/bbc/vendor/laravel/framework/src/Illuminate/Pipeline/Pipeline.php:136
[22-Mar-2017 23:34:16 Asia/Tokyo] PHP  23. Illuminate\Cookie\Middleware\EncryptCookies->handle() /home/ubuntu/workspace/bbc/vendor/laravel/framework/src/Illuminate/Pipeline/Pipeline.php:136
[22-Mar-2017 23:34:16 Asia/Tokyo] PHP  24. Illuminate\Routing\Pipeline->Illuminate\Routing\{closure}() /home/ubuntu/workspace/bbc/vendor/laravel/framework/src/Illuminate/Cookie/Middleware/EncryptCookies.php:59
[22-Mar-2017 23:34:16 Asia/Tokyo] PHP  25. call_user_func:{/home/ubuntu/workspace/bbc/vendor/laravel/framework/src/Illuminate/Routing/Pipeline.php:32}() /home/ubuntu/workspace/bbc/vendor/laravel/framework/src/Illuminate/Routing/Pipeline.php:32
[22-Mar-2017 23:34:16 Asia/Tokyo] PHP  26. Illuminate\Pipeline\Pipeline->Illuminate\Pipeline\{closure}() /home/ubuntu/workspace/bbc/vendor/laravel/framework/src/Illuminate/Routing/Pipeline.php:32
[22-Mar-2017 23:34:16 Asia/Tokyo] PHP  27. call_user_func_array:{/home/ubuntu/workspace/bbc/vendor/laravel/framework/src/Illuminate/Pipeline/Pipeline.php:136}() /home/ubuntu/workspace/bbc/vendor/laravel/framework/src/Illuminate/Pipeline/Pipeline.php:136
[22-Mar-2017 23:34:16 Asia/Tokyo] PHP  28. Illuminate\Cookie\Middleware\AddQueuedCookiesToResponse->handle() /home/ubuntu/workspace/bbc/vendor/laravel/framework/src/Illuminate/Pipeline/Pipeline.php:136
[22-Mar-2017 23:34:16 Asia/Tokyo] PHP  29. Illuminate\Routing\Pipeline->Illuminate\Routing\{closure}() /home/ubuntu/workspace/bbc/vendor/laravel/framework/src/Illuminate/Cookie/Middleware/AddQueuedCookiesToResponse.php:37
[22-Mar-2017 23:34:16 Asia/Tokyo] PHP  30. call_user_func:{/home/ubuntu/workspace/bbc/vendor/laravel/framework/src/Illuminate/Routing/Pipeline.php:32}() /home/ubuntu/workspace/bbc/vendor/laravel/framework/src/Illuminate/Routing/Pipeline.php:32
[22-Mar-2017 23:34:16 Asia/Tokyo] PHP  31. Illuminate\Pipeline\Pipeline->Illuminate\Pipeline\{closure}() /home/ubuntu/workspace/bbc/vendor/laravel/framework/src/Illuminate/Routing/Pipeline.php:32
[22-Mar-2017 23:34:16 Asia/Tokyo] PHP  32. call_user_func_array:{/home/ubuntu/workspace/bbc/vendor/laravel/framework/src/Illuminate/Pipeline/Pipeline.php:136}() /home/ubuntu/workspace/bbc/vendor/laravel/framework/src/Illuminate/Pipeline/Pipeline.php:136
[22-Mar-2017 23:34:16 Asia/Tokyo] PHP  33. Illuminate\Session\Middleware\StartSession->handle() /home/ubuntu/workspace/bbc/vendor/laravel/framework/src/Illuminate/Pipeline/Pipeline.php:136
[22-Mar-2017 23:34:16 Asia/Tokyo] PHP  34. Illuminate\Routing\Pipeline->Illuminate\Routing\{closure}() /home/ubuntu/workspace/bbc/vendor/laravel/framework/src/Illuminate/Session/Middleware/StartSession.php:64
[22-Mar-2017 23:34:16 Asia/Tokyo] PHP  35. call_user_func:{/home/ubuntu/workspace/bbc/vendor/laravel/framework/src/Illuminate/Routing/Pipeline.php:32}() /home/ubuntu/workspace/bbc/vendor/laravel/framework/src/Illuminate/Routing/Pipeline.php:32
[22-Mar-2017 23:34:16 Asia/Tokyo] PHP  36. Illuminate\Pipeline\Pipeline->Illuminate\Pipeline\{closure}() /home/ubuntu/workspace/bbc/vendor/laravel/framework/src/Illuminate/Routing/Pipeline.php:32
[22-Mar-2017 23:34:16 Asia/Tokyo] PHP  37. call_user_func_array:{/home/ubuntu/workspace/bbc/vendor/laravel/framework/src/Illuminate/Pipeline/Pipeline.php:136}() /home/ubuntu/workspace/bbc/vendor/laravel/framework/src/Illuminate/Pipeline/Pipeline.php:136
[22-Mar-2017 23:34:16 Asia/Tokyo] PHP  38. Illuminate\View\Middleware\ShareErrorsFromSession->handle() /home/ubuntu/workspace/bbc/vendor/laravel/framework/src/Illuminate/Pipeline/Pipeline.php:136
[22-Mar-2017 23:34:16 Asia/Tokyo] PHP  39. Illuminate\Routing\Pipeline->Illuminate\Routing\{closure}() /home/ubuntu/workspace/bbc/vendor/laravel/framework/src/Illuminate/View/Middleware/ShareErrorsFromSession.php:49
[22-Mar-2017 23:34:16 Asia/Tokyo] PHP  40. call_user_func:{/home/ubuntu/workspace/bbc/vendor/laravel/framework/src/Illuminate/Routing/Pipeline.php:32}() /home/ubuntu/workspace/bbc/vendor/laravel/framework/src/Illuminate/Routing/Pipeline.php:32
[22-Mar-2017 23:34:16 Asia/Tokyo] PHP  41. Illuminate\Pipeline\Pipeline->Illuminate\Pipeline\{closure}() /home/ubuntu/workspace/bbc/vendor/laravel/framework/src/Illuminate/Routing/Pipeline.php:32
[22-Mar-2017 23:34:16 Asia/Tokyo] PHP  42. call_user_func_array:{/home/ubuntu/workspace/bbc/vendor/laravel/framework/src/Illuminate/Pipeline/Pipeline.php:136}() /home/ubuntu/workspace/bbc/vendor/laravel/framework/src/Illuminate/Pipeline/Pipeline.php:136
[22-Mar-2017 23:34:16 Asia/Tokyo] PHP  43. Illuminate\Foundation\Http\Middleware\VerifyCsrfToken->handle() /home/ubuntu/workspace/bbc/vendor/laravel/framework/src/Illuminate/Pipeline/Pipeline.php:136
[22-Mar-2017 23:34:16 Asia/Tokyo] PHP  44. Illuminate\Routing\Pipeline->Illuminate\Routing\{closure}() /home/ubuntu/workspace/bbc/vendor/laravel/framework/src/Illuminate/Foundation/Http/Middleware/VerifyCsrfToken.php:64
[22-Mar-2017 23:34:16 Asia/Tokyo] PHP  45. call_user_func:{/home/ubuntu/workspace/bbc/vendor/laravel/framework/src/Illuminate/Routing/Pipeline.php:52}() /home/ubuntu/workspace/bbc/vendor/laravel/framework/src/Illuminate/Routing/Pipeline.php:52
[22-Mar-2017 23:34:16 Asia/Tokyo] PHP  46. Illuminate\Routing\Router->Illuminate\Routing\{closure}() /home/ubuntu/workspace/bbc/vendor/laravel/framework/src/Illuminate/Routing/Pipeline.php:52
[22-Mar-2017 23:34:16 Asia/Tokyo] PHP  47. Illuminate\Routing\Route->run() /home/ubuntu/workspace/bbc/vendor/laravel/framework/src/Illuminate/Routing/Router.php:724
[22-Mar-2017 23:34:16 Asia/Tokyo] PHP  48. Illuminate\Routing\Route->runController() /home/ubuntu/workspace/bbc/vendor/laravel/framework/src/Illuminate/Routing/Route.php:140
[22-Mar-2017 23:34:16 Asia/Tokyo] PHP  49. Illuminate\Routing\ControllerDispatcher->dispatch() /home/ubuntu/workspace/bbc/vendor/laravel/framework/src/Illuminate/Routing/Route.php:174
[22-Mar-2017 23:34:16 Asia/Tokyo] PHP  50. Illuminate\Routing\ControllerDispatcher->callWithinStack() /home/ubuntu/workspace/bbc/vendor/laravel/framework/src/Illuminate/Routing/ControllerDispatcher.php:54
[22-Mar-2017 23:34:16 Asia/Tokyo] PHP  51. Illuminate\Pipeline\Pipeline->then() /home/ubuntu/workspace/bbc/vendor/laravel/framework/src/Illuminate/Routing/ControllerDispatcher.php:96
[22-Mar-2017 23:34:16 Asia/Tokyo] PHP  52. call_user_func:{/home/ubuntu/workspace/bbc/vendor/laravel/framework/src/Illuminate/Pipeline/Pipeline.php:103}() /home/ubuntu/workspace/bbc/vendor/laravel/framework/src/Illuminate/Pipeline/Pipeline.php:103
[22-Mar-2017 23:34:16 Asia/Tokyo] PHP  53. Illuminate\Routing\Pipeline->Illuminate\Routing\{closure}() /home/ubuntu/workspace/bbc/vendor/laravel/framework/src/Illuminate/Pipeline/Pipeline.php:103
[22-Mar-2017 23:34:16 Asia/Tokyo] PHP  54. call_user_func:{/home/ubuntu/workspace/bbc/vendor/laravel/framework/src/Illuminate/Routing/Pipeline.php:52}() /home/ubuntu/workspace/bbc/vendor/laravel/framework/src/Illuminate/Routing/Pipeline.php:52
[22-Mar-2017 23:34:16 Asia/Tokyo] PHP  55. Illuminate\Routing\ControllerDispatcher->Illuminate\Routing\{closure}() /home/ubuntu/workspace/bbc/vendor/laravel/framework/src/Illuminate/Routing/Pipeline.php:52
[22-Mar-2017 23:34:16 Asia/Tokyo] PHP  56. Illuminate\Routing\ControllerDispatcher->call() /home/ubuntu/workspace/bbc/vendor/laravel/framework/src/Illuminate/Routing/ControllerDispatcher.php:94
[22-Mar-2017 23:34:16 Asia/Tokyo] PHP  57. Illuminate\Routing\Controller->callAction() /home/ubuntu/workspace/bbc/vendor/laravel/framework/src/Illuminate/Routing/ControllerDispatcher.php:146
[22-Mar-2017 23:34:16 Asia/Tokyo] PHP  58. call_user_func_array:{/home/ubuntu/workspace/bbc/vendor/laravel/framework/src/Illuminate/Routing/Controller.php:80}() /home/ubuntu/workspace/bbc/vendor/laravel/framework/src/Illuminate/Routing/Controller.php:80
[22-Mar-2017 23:34:16 Asia/Tokyo] PHP  59. App\Http\Controllers\PostsController->index() /home/ubuntu/workspace/bbc/vendor/laravel/framework/src/Illuminate/Routing/Controller.php:80
